<?xml version="1.0" encoding="UTF-8"?>
<!DOCTYPE properties SYSTEM "http://java.sun.com/dtd/properties.dtd">
<properties version="1.0">
  <comment>Sample test run arguments (ets-sta10)</comment>
  <entry key="iut">http://localhost:8080/v1.0</entry>
  <entry key="ics">1</entry>
</properties>
